<?xml version="1.0" encoding="UTF-8"?>
<testng-results ignored="0" total="1" passed="1" failed="0" skipped="0">
  <reporter-output>
  </reporter-output>
  <suite started-at="2021-03-27T22:50:28 ICT" name="Default suite" finished-at="2021-03-27T22:50:32 ICT" duration-ms="3701">
    <groups>
    </groups>
    <test started-at="2021-03-27T22:50:28 ICT" name="Default test" finished-at="2021-03-27T22:50:32 ICT" duration-ms="3701">
      <class name="TestCase001_Poke_GET_REQUEST">
        <test-method signature="getDataPikachu()[pri:0, instance:TestCase001_Poke_GET_REQUEST@6d4e5011]" started-at="2021-03-27T22:50:28 ICT" name="getDataPikachu" finished-at="2021-03-27T22:50:32 ICT" duration-ms="3645" status="PASS">
          <reporter-output>
          </reporter-output>
        </test-method> <!-- getDataPikachu -->
      </class> <!-- TestCase001_Poke_GET_REQUEST -->
    </test> <!-- Default test -->
  </suite> <!-- Default suite -->
</testng-results>
