<?xml version="1.0" encoding="UTF-8"?>
<testng-results ignored="0" total="1" passed="1" failed="0" skipped="0">
  <reporter-output>
  </reporter-output>
  <suite started-at="2021-03-27T22:00:03 ICT" name="Default suite" finished-at="2021-03-27T22:00:07 ICT" duration-ms="3976">
    <groups>
    </groups>
    <test started-at="2021-03-27T22:00:03 ICT" name="Default test" finished-at="2021-03-27T22:00:07 ICT" duration-ms="3976">
      <class name="TC001_GET_REQUEST">
        <test-method signature="getDataPosts()[pri:0, instance:TC001_GET_REQUEST@6d4e5011]" started-at="2021-03-27T22:00:03 ICT" name="getDataPosts" finished-at="2021-03-27T22:00:07 ICT" duration-ms="3890" status="PASS">
          <reporter-output>
          </reporter-output>
        </test-method> <!-- getDataPosts -->
      </class> <!-- TC001_GET_REQUEST -->
    </test> <!-- Default test -->
  </suite> <!-- Default suite -->
</testng-results>
